-------------------------------------------------------------------------------
Test set: com.javatpoint.SpringBootRestExampleApplicationTests
-------------------------------------------------------------------------------
Tests run: 1, Failures: 0, Errors: 1, Skipped: 0, Time elapsed: 0.197 s <<< FAILURE! - in com.javatpoint.SpringBootRestExampleApplicationTests
com.javatpoint.SpringBootRestExampleApplicationTests  Time elapsed: 0.196 s  <<< ERROR!
java.lang.IllegalStateException: Unable to find a @SpringBootConfiguration, you need to use @ContextConfiguration or @SpringBootTest(classes=...) with your test

