<?xml version="1.0" encoding="UTF-8"?>
<testsuite xmlns:xsi="http://www.w3.org/2001/XMLSchema-instance" xsi:noNamespaceSchemaLocation="https://maven.apache.org/surefire/maven-surefire-plugin/xsd/surefire-test-report.xsd" name="com.javatpoint.SpringBootRestExampleApplicationTests" time="0.197" tests="1" errors="1" skipped="0" failures="0">
  <properties>
[...]
</properties>
  <testcase name="com.javatpoint.SpringBootRestExampleApplicationTests" classname="com.javatpoint.SpringBootRestExampleApplicationTests" time="0.196">
    <error message="Unable to find a @SpringBootConfiguration, you need to use @ContextConfiguration or @SpringBootTest(classes=...) with your test" type="java.lang.IllegalStateException">java.lang.IllegalStateException: Unable to find a @SpringBootConfiguration, you need to use @ContextConfiguration or @SpringBootTest(classes=...) with your test
</error>
    <system-out><![CDATA[13:21:47.772 [main] DEBUG org.springframework.test.context.BootstrapUtils - Instantiating CacheAwareContextLoaderDelegate from class [org.springframework.test.context.cache.DefaultCacheAwareContextLoaderDelegate]
13:21:47.781 [main] DEBUG org.springframework.test.context.BootstrapUtils - Instantiating BootstrapContext using constructor [public org.springframework.test.context.support.DefaultBootstrapContext(java.lang.Class,org.springframework.test.context.CacheAwareContextLoaderDelegate)]
13:21:47.800 [main] DEBUG org.springframework.test.context.BootstrapUtils - Instantiating TestContextBootstrapper for test class [com.javatpoint.SpringBootRestExampleApplicationTests] from class [org.springframework.boot.test.context.SpringBootTestContextBootstrapper]
13:21:47.811 [main] INFO org.springframework.boot.test.context.SpringBootTestContextBootstrapper - Neither @ContextConfiguration nor @ContextHierarchy found for test class [com.javatpoint.SpringBootRestExampleApplicationTests], using SpringBootContextLoader
13:21:47.814 [main] DEBUG org.springframework.test.context.support.AbstractContextLoader - Did not detect default resource location for test class [com.javatpoint.SpringBootRestExampleApplicationTests]: class path resource [com/javatpoint/SpringBootRestExampleApplicationTests-context.xml] does not exist
13:21:47.815 [main] DEBUG org.springframework.test.context.support.AbstractContextLoader - Did not detect default resource location for test class [com.javatpoint.SpringBootRestExampleApplicationTests]: class path resource [com/javatpoint/SpringBootRestExampleApplicationTestsContext.groovy] does not exist
13:21:47.815 [main] INFO org.springframework.test.context.support.AbstractContextLoader - Could not detect default resource locations for test class [com.javatpoint.SpringBootRestExampleApplicationTests]: no resource found for suffixes {-context.xml, Context.groovy}.
13:21:47.815 [main] INFO org.springframework.test.context.support.AnnotationConfigContextLoaderUtils - Could not detect default configuration classes for test class [com.javatpoint.SpringBootRestExampleApplicationTests]: SpringBootRestExampleApplicationTests does not declare any static, non-private, non-final, nested classes annotated with @Configuration.
13:21:47.842 [main] DEBUG org.springframework.test.context.support.ActiveProfilesUtils - Could not find an 'annotation declaring class' for annotation type [org.springframework.test.context.ActiveProfiles] and class [com.javatpoint.SpringBootRestExampleApplicationTests]
13:21:47.881 [main] DEBUG org.springframework.test.context.BootstrapUtils - Instantiating CacheAwareContextLoaderDelegate from class [org.springframework.test.context.cache.DefaultCacheAwareContextLoaderDelegate]
13:21:47.882 [main] DEBUG org.springframework.test.context.BootstrapUtils - Instantiating BootstrapContext using constructor [public org.springframework.test.context.support.DefaultBootstrapContext(java.lang.Class,org.springframework.test.context.CacheAwareContextLoaderDelegate)]
13:21:47.882 [main] DEBUG org.springframework.test.context.BootstrapUtils - Instantiating TestContextBootstrapper for test class [com.javatpoint.SpringBootRestExampleApplicationTests] from class [org.springframework.boot.test.context.SpringBootTestContextBootstrapper]
13:21:47.883 [main] INFO org.springframework.boot.test.context.SpringBootTestContextBootstrapper - Neither @ContextConfiguration nor @ContextHierarchy found for test class [com.javatpoint.SpringBootRestExampleApplicationTests], using SpringBootContextLoader
13:21:47.883 [main] DEBUG org.springframework.test.context.support.AbstractContextLoader - Did not detect default resource location for test class [com.javatpoint.SpringBootRestExampleApplicationTests]: class path resource [com/javatpoint/SpringBootRestExampleApplicationTests-context.xml] does not exist
13:21:47.884 [main] DEBUG org.springframework.test.context.support.AbstractContextLoader - Did not detect default resource location for test class [com.javatpoint.SpringBootRestExampleApplicationTests]: class path resource [com/javatpoint/SpringBootRestExampleApplicationTestsContext.groovy] does not exist
13:21:47.884 [main] INFO org.springframework.test.context.support.AbstractContextLoader - Could not detect default resource locations for test class [com.javatpoint.SpringBootRestExampleApplicationTests]: no resource found for suffixes {-context.xml, Context.groovy}.
13:21:47.884 [main] INFO org.springframework.test.context.support.AnnotationConfigContextLoaderUtils - Could not detect default configuration classes for test class [com.javatpoint.SpringBootRestExampleApplicationTests]: SpringBootRestExampleApplicationTests does not declare any static, non-private, non-final, nested classes annotated with @Configuration.
13:21:47.886 [main] DEBUG org.springframework.test.context.support.ActiveProfilesUtils - Could not find an 'annotation declaring class' for annotation type [org.springframework.test.context.ActiveProfiles] and class [com.javatpoint.SpringBootRestExampleApplicationTests]
13:21:47.895 [main] DEBUG org.springframework.test.context.BootstrapUtils - Instantiating CacheAwareContextLoaderDelegate from class [org.springframework.test.context.cache.DefaultCacheAwareContextLoaderDelegate]
13:21:47.896 [main] DEBUG org.springframework.test.context.BootstrapUtils - Instantiating BootstrapContext using constructor [public org.springframework.test.context.support.DefaultBootstrapContext(java.lang.Class,org.springframework.test.context.CacheAwareContextLoaderDelegate)]
13:21:47.896 [main] DEBUG org.springframework.test.context.BootstrapUtils - Instantiating TestContextBootstrapper for test class [com.javatpoint.SpringBootRestExampleApplicationTests] from class [org.springframework.boot.test.context.SpringBootTestContextBootstrapper]
13:21:47.897 [main] INFO org.springframework.boot.test.context.SpringBootTestContextBootstrapper - Neither @ContextConfiguration nor @ContextHierarchy found for test class [com.javatpoint.SpringBootRestExampleApplicationTests], using SpringBootContextLoader
13:21:47.898 [main] DEBUG org.springframework.test.context.support.AbstractContextLoader - Did not detect default resource location for test class [com.javatpoint.SpringBootRestExampleApplicationTests]: class path resource [com/javatpoint/SpringBootRestExampleApplicationTests-context.xml] does not exist
13:21:47.898 [main] DEBUG org.springframework.test.context.support.AbstractContextLoader - Did not detect default resource location for test class [com.javatpoint.SpringBootRestExampleApplicationTests]: class path resource [com/javatpoint/SpringBootRestExampleApplicationTestsContext.groovy] does not exist
13:21:47.898 [main] INFO org.springframework.test.context.support.AbstractContextLoader - Could not detect default resource locations for test class [com.javatpoint.SpringBootRestExampleApplicationTests]: no resource found for suffixes {-context.xml, Context.groovy}.
13:21:47.898 [main] INFO org.springframework.test.context.support.AnnotationConfigContextLoaderUtils - Could not detect default configuration classes for test class [com.javatpoint.SpringBootRestExampleApplicationTests]: SpringBootRestExampleApplicationTests does not declare any static, non-private, non-final, nested classes annotated with @Configuration.
13:21:47.900 [main] DEBUG org.springframework.test.context.support.ActiveProfilesUtils - Could not find an 'annotation declaring class' for annotation type [org.springframework.test.context.ActiveProfiles] and class [com.javatpoint.SpringBootRestExampleApplicationTests]
]]></system-out>
  </testcase>
</testsuite>